This file contains any messages produced by compilers while
running configure, to aid debugging if configure makes a mistake.

It was created by expat configure 2.2.4, which was
generated by GNU Autoconf 2.69.  Invocation command line was

  $ /home/lmark/src/px4-firmware/src/lib/expat-2.2.4/configure --prefix=/home/lmark/src/px4-firmware/src/lib/expat-2.2.4

## --------- ##
## Platform. ##
## --------- ##

hostname = lmarkPC
uname -m = x86_64
uname -r = 4.4.0-97-generic
uname -s = Linux
uname -v = #120-Ubuntu SMP Tue Sep 19 17:28:18 UTC 2017

/usr/bin/uname -p = unknown
/bin/uname -X     = unknown

/bin/arch              = unknown
/usr/bin/arch -k       = unknown
/usr/convex/getsysinfo = unknown
/usr/bin/hostinfo      = unknown
/bin/machine           = unknown
/usr/bin/oslevel       = unknown
/bin/universe          = unknown

PATH: /opt/ros/kinetic/bin
PATH: /home/lmark/gcc-arm-none-eabi-5_4-2016q2/bin
PATH: /home/lmark/ninja
PATH: /home/lmark/bin
PATH: /home/lmark/.local/bin
PATH: /usr/local/sbin
PATH: /usr/local/bin
PATH: /usr/sbin
PATH: /usr/bin
PATH: /sbin
PATH: /bin
PATH: /usr/games
PATH: /usr/local/games
PATH: /snap/bin


## ----------- ##
## Core tests. ##
## ----------- ##

configure:2473: checking for a BSD-compatible install
configure:2541: result: /usr/bin/install -c
configure:2552: checking whether build environment is sane
configure:2607: result: yes
configure:2758: checking for a thread-safe mkdir -p
configure:2797: result: /bin/mkdir -p
configure:2804: checking for gawk
configure:2834: result: no
configure:2804: checking for mawk
configure:2820: found /usr/bin/mawk
configure:2831: result: mawk
configure:2842: checking whether make sets $(MAKE)
configure:2864: result: yes
configure:2893: checking whether make supports nested variables
configure:2910: result: yes
configure:3055: checking build system type
configure:3069: result: x86_64-pc-linux-gnu
configure:3089: checking host system type
configure:3102: result: x86_64-pc-linux-gnu
configure:3471: checking how to print strings
configure:3498: result: printf
configure:3531: checking for style of include used by make
configure:3559: result: GNU
configure:3630: checking for gcc
configure:3646: found /usr/bin/gcc
configure:3657: result: gcc
configure:3886: checking for C compiler version
configure:3895: gcc --version >&5
gcc (Ubuntu 5.4.0-6ubuntu1~16.04.5) 5.4.0 20160609
Copyright (C) 2015 Free Software Foundation, Inc.
This is free software; see the source for copying conditions.  There is NO
warranty; not even for MERCHANTABILITY or FITNESS FOR A PARTICULAR PURPOSE.

configure:3906: $? = 0
configure:3895: gcc -v >&5
Using built-in specs.
COLLECT_GCC=gcc
COLLECT_LTO_WRAPPER=/usr/lib/gcc/x86_64-linux-gnu/5/lto-wrapper
Target: x86_64-linux-gnu
Configured with: ../src/configure -v --with-pkgversion='Ubuntu 5.4.0-6ubuntu1~16.04.5' --with-bugurl=file:///usr/share/doc/gcc-5/README.Bugs --enable-languages=c,ada,c++,java,go,d,fortran,objc,obj-c++ --prefix=/usr --program-suffix=-5 --enable-shared --enable-linker-build-id --libexecdir=/usr/lib --without-included-gettext --enable-threads=posix --libdir=/usr/lib --enable-nls --with-sysroot=/ --enable-clocale=gnu --enable-libstdcxx-debug --enable-libstdcxx-time=yes --with-default-libstdcxx-abi=new --enable-gnu-unique-object --disable-vtable-verify --enable-libmpx --enable-plugin --with-system-zlib --disable-browser-plugin --enable-java-awt=gtk --enable-gtk-cairo --with-java-home=/usr/lib/jvm/java-1.5.0-gcj-5-amd64/jre --enable-java-home --with-jvm-root-dir=/usr/lib/jvm/java-1.5.0-gcj-5-amd64 --with-jvm-jar-dir=/usr/lib/jvm-exports/java-1.5.0-gcj-5-amd64 --with-arch-directory=amd64 --with-ecj-jar=/usr/share/java/eclipse-ecj.jar --enable-objc-gc --enable-multiarch --disable-werror --with-arch-32=i686 --with-abi=m64 --with-multilib-list=m32,m64,mx32 --enable-multilib --with-tune=generic --enable-checking=release --build=x86_64-linux-gnu --host=x86_64-linux-gnu --target=x86_64-linux-gnu
Thread model: posix
gcc version 5.4.0 20160609 (Ubuntu 5.4.0-6ubuntu1~16.04.5) 
configure:3906: $? = 0
configure:3895: gcc -V >&5
gcc: error: unrecognized command line option '-V'
gcc: fatal error: no input files
compilation terminated.
configure:3906: $? = 1
configure:3895: gcc -qversion >&5
gcc: error: unrecognized command line option '-qversion'
gcc: fatal error: no input files
compilation terminated.
configure:3906: $? = 1
configure:3926: checking whether the C compiler works
configure:3948: gcc   -DHAVE_EXPAT_CONFIG_H  conftest.c  >&5
configure:3952: $? = 0
configure:4000: result: yes
configure:4003: checking for C compiler default output file name
configure:4005: result: a.out
configure:4011: checking for suffix of executables
configure:4018: gcc -o conftest   -DHAVE_EXPAT_CONFIG_H  conftest.c  >&5
configure:4022: $? = 0
configure:4044: result: 
configure:4066: checking whether we are cross compiling
configure:4074: gcc -o conftest   -DHAVE_EXPAT_CONFIG_H  conftest.c  >&5
configure:4078: $? = 0
configure:4085: ./conftest
configure:4089: $? = 0
configure:4104: result: no
configure:4109: checking for suffix of object files
configure:4131: gcc -c   -DHAVE_EXPAT_CONFIG_H conftest.c >&5
configure:4135: $? = 0
configure:4156: result: o
configure:4160: checking whether we are using the GNU C compiler
configure:4179: gcc -c   -DHAVE_EXPAT_CONFIG_H conftest.c >&5
configure:4179: $? = 0
configure:4188: result: yes
configure:4197: checking whether gcc accepts -g
configure:4217: gcc -c -g  -DHAVE_EXPAT_CONFIG_H conftest.c >&5
configure:4217: $? = 0
configure:4258: result: yes
configure:4275: checking for gcc option to accept ISO C89
configure:4338: gcc  -c -g -O2  -DHAVE_EXPAT_CONFIG_H conftest.c >&5
configure:4338: $? = 0
configure:4351: result: none needed
configure:4376: checking whether gcc understands -c and -o together
configure:4398: gcc -c conftest.c -o conftest2.o
configure:4401: $? = 0
configure:4398: gcc -c conftest.c -o conftest2.o
configure:4401: $? = 0
configure:4413: result: yes
configure:4432: checking dependency style of gcc
configure:4543: result: gcc3
configure:4558: checking for a sed that does not truncate output
configure:4622: result: /bin/sed
configure:4640: checking for grep that handles long lines and -e
configure:4698: result: /bin/grep
configure:4703: checking for egrep
configure:4765: result: /bin/grep -E
configure:4770: checking for fgrep
configure:4832: result: /bin/grep -F
configure:4867: checking for ld used by gcc
configure:4934: result: /usr/bin/ld
configure:4941: checking if the linker (/usr/bin/ld) is GNU ld
configure:4956: result: yes
configure:4968: checking for BSD- or MS-compatible name lister (nm)
configure:5022: result: /usr/bin/nm -B
configure:5152: checking the name lister (/usr/bin/nm -B) interface
configure:5159: gcc -c -g -O2  -DHAVE_EXPAT_CONFIG_H conftest.c >&5
configure:5162: /usr/bin/nm -B "conftest.o"
configure:5165: output
0000000000000000 B some_variable
configure:5172: result: BSD nm
configure:5175: checking whether ln -s works
configure:5179: result: yes
configure:5187: checking the maximum length of command line arguments
configure:5323: result: 1572864
configure:5371: checking how to convert x86_64-pc-linux-gnu file names to x86_64-pc-linux-gnu format
configure:5411: result: func_convert_file_noop
configure:5418: checking how to convert x86_64-pc-linux-gnu file names to toolchain format
configure:5438: result: func_convert_file_noop
configure:5445: checking for /usr/bin/ld option to reload object files
configure:5452: result: -r
configure:5526: checking for objdump
configure:5553: result: objdump
configure:5582: checking how to recognize dependent libraries
configure:5782: result: pass_all
configure:5867: checking for dlltool
configure:5894: result: dlltool
configure:5924: checking how to associate runtime and link libraries
configure:5951: result: printf %s\n
configure:6012: checking for ar
configure:6028: found /usr/bin/ar
configure:6039: result: ar
configure:6076: checking for archiver @FILE support
configure:6093: gcc -c -g -O2  -DHAVE_EXPAT_CONFIG_H conftest.c >&5
configure:6093: $? = 0
configure:6096: ar cru libconftest.a @conftest.lst >&5
ar: `u' modifier ignored since `D' is the default (see `U')
configure:6099: $? = 0
configure:6104: ar cru libconftest.a @conftest.lst >&5
ar: `u' modifier ignored since `D' is the default (see `U')
ar: conftest.o: No such file or directory
configure:6107: $? = 1
configure:6119: result: @
configure:6177: checking for strip
configure:6193: found /usr/bin/strip
configure:6204: result: strip
configure:6276: checking for ranlib
configure:6292: found /usr/bin/ranlib
configure:6303: result: ranlib
configure:6405: checking command to parse /usr/bin/nm -B output from gcc object
configure:6558: gcc -c -g -O2  -DHAVE_EXPAT_CONFIG_H conftest.c >&5
configure:6561: $? = 0
configure:6565: /usr/bin/nm -B conftest.o \| sed -n -e 's/^.*[ ]\([ABCDGIRSTW][ABCDGIRSTW]*\)[ ][ ]*\([_A-Za-z][_A-Za-z0-9]*\)$/\1 \2 \2/p' | sed '/ __gnu_lto/d' \> conftest.nm
configure:6568: $? = 0
configure:6634: gcc -o conftest -g -O2  -DHAVE_EXPAT_CONFIG_H  conftest.c conftstm.o >&5
configure:6637: $? = 0
configure:6675: result: ok
configure:6722: checking for sysroot
configure:6752: result: no
configure:6759: checking for a working dd
configure:6797: result: /bin/dd
configure:6801: checking how to truncate binary pipes
configure:6816: result: /bin/dd bs=4096 count=1
configure:6952: gcc -c -g -O2  -DHAVE_EXPAT_CONFIG_H conftest.c >&5
configure:6955: $? = 0
configure:7145: checking for mt
configure:7161: found /bin/mt
configure:7172: result: mt
configure:7195: checking if mt is a manifest tool
configure:7201: mt '-?'
configure:7209: result: no
configure:7886: checking how to run the C preprocessor
configure:7917: gcc -E  -DHAVE_EXPAT_CONFIG_H conftest.c
configure:7917: $? = 0
configure:7931: gcc -E  -DHAVE_EXPAT_CONFIG_H conftest.c
conftest.c:11:28: fatal error: ac_nonexistent.h: No such file or directory
compilation terminated.
configure:7931: $? = 1
configure: failed program was:
| /* confdefs.h */
| #define PACKAGE_NAME "expat"
| #define PACKAGE_TARNAME "expat"
| #define PACKAGE_VERSION "2.2.4"
| #define PACKAGE_STRING "expat 2.2.4"
| #define PACKAGE_BUGREPORT "expat-bugs@libexpat.org"
| #define PACKAGE_URL ""
| #define PACKAGE "expat"
| #define VERSION "2.2.4"
| /* end confdefs.h.  */
| #include <ac_nonexistent.h>
configure:7956: result: gcc -E
configure:7976: gcc -E  -DHAVE_EXPAT_CONFIG_H conftest.c
configure:7976: $? = 0
configure:7990: gcc -E  -DHAVE_EXPAT_CONFIG_H conftest.c
conftest.c:11:28: fatal error: ac_nonexistent.h: No such file or directory
compilation terminated.
configure:7990: $? = 1
configure: failed program was:
| /* confdefs.h */
| #define PACKAGE_NAME "expat"
| #define PACKAGE_TARNAME "expat"
| #define PACKAGE_VERSION "2.2.4"
| #define PACKAGE_STRING "expat 2.2.4"
| #define PACKAGE_BUGREPORT "expat-bugs@libexpat.org"
| #define PACKAGE_URL ""
| #define PACKAGE "expat"
| #define VERSION "2.2.4"
| /* end confdefs.h.  */
| #include <ac_nonexistent.h>
configure:8019: checking for ANSI C header files
configure:8039: gcc -c -g -O2  -DHAVE_EXPAT_CONFIG_H conftest.c >&5
configure:8039: $? = 0
configure:8112: gcc -o conftest -g -O2  -DHAVE_EXPAT_CONFIG_H  conftest.c  >&5
configure:8112: $? = 0
configure:8112: ./conftest
configure:8112: $? = 0
configure:8123: result: yes
configure:8136: checking for sys/types.h
configure:8136: gcc -c -g -O2  -DHAVE_EXPAT_CONFIG_H conftest.c >&5
configure:8136: $? = 0
configure:8136: result: yes
configure:8136: checking for sys/stat.h
configure:8136: gcc -c -g -O2  -DHAVE_EXPAT_CONFIG_H conftest.c >&5
configure:8136: $? = 0
configure:8136: result: yes
configure:8136: checking for stdlib.h
configure:8136: gcc -c -g -O2  -DHAVE_EXPAT_CONFIG_H conftest.c >&5
configure:8136: $? = 0
configure:8136: result: yes
configure:8136: checking for string.h
configure:8136: gcc -c -g -O2  -DHAVE_EXPAT_CONFIG_H conftest.c >&5
configure:8136: $? = 0
configure:8136: result: yes
configure:8136: checking for memory.h
configure:8136: gcc -c -g -O2  -DHAVE_EXPAT_CONFIG_H conftest.c >&5
configure:8136: $? = 0
configure:8136: result: yes
configure:8136: checking for strings.h
configure:8136: gcc -c -g -O2  -DHAVE_EXPAT_CONFIG_H conftest.c >&5
configure:8136: $? = 0
configure:8136: result: yes
configure:8136: checking for inttypes.h
configure:8136: gcc -c -g -O2  -DHAVE_EXPAT_CONFIG_H conftest.c >&5
configure:8136: $? = 0
configure:8136: result: yes
configure:8136: checking for stdint.h
configure:8136: gcc -c -g -O2  -DHAVE_EXPAT_CONFIG_H conftest.c >&5
configure:8136: $? = 0
configure:8136: result: yes
configure:8136: checking for unistd.h
configure:8136: gcc -c -g -O2  -DHAVE_EXPAT_CONFIG_H conftest.c >&5
configure:8136: $? = 0
configure:8136: result: yes
configure:8150: checking for dlfcn.h
configure:8150: gcc -c -g -O2  -DHAVE_EXPAT_CONFIG_H conftest.c >&5
configure:8150: $? = 0
configure:8150: result: yes
configure:8404: checking for objdir
configure:8419: result: .libs
configure:8683: checking if gcc supports -fno-rtti -fno-exceptions
configure:8701: gcc -c -g -O2  -DHAVE_EXPAT_CONFIG_H -fno-rtti -fno-exceptions conftest.c >&5
cc1: warning: command line option '-fno-rtti' is valid for C++/ObjC++ but not for C
configure:8705: $? = 0
configure:8718: result: no
configure:9076: checking for gcc option to produce PIC
configure:9083: result: -fPIC -DPIC
configure:9091: checking if gcc PIC flag -fPIC -DPIC works
configure:9109: gcc -c -g -O2  -DHAVE_EXPAT_CONFIG_H -fPIC -DPIC -DPIC conftest.c >&5
configure:9113: $? = 0
configure:9126: result: yes
configure:9155: checking if gcc static flag -static works
configure:9183: result: yes
configure:9198: checking if gcc supports -c -o file.o
configure:9219: gcc -c -g -O2  -DHAVE_EXPAT_CONFIG_H -o out/conftest2.o conftest.c >&5
configure:9223: $? = 0
configure:9245: result: yes
configure:9253: checking if gcc supports -c -o file.o
configure:9300: result: yes
configure:9333: checking whether the gcc linker (/usr/bin/ld -m elf_x86_64) supports shared libraries
configure:10592: result: yes
configure:10629: checking whether -lc should be explicitly linked in
configure:10637: gcc -c -g -O2  -DHAVE_EXPAT_CONFIG_H conftest.c >&5
configure:10640: $? = 0
configure:10655: gcc -shared  -fPIC -DPIC conftest.o  -v -Wl,-soname -Wl,conftest -o conftest 2\>\&1 \| /bin/grep  -lc  \>/dev/null 2\>\&1
configure:10658: $? = 0
configure:10672: result: no
configure:10832: checking dynamic linker characteristics
configure:11426: gcc -o conftest -g -O2  -DHAVE_EXPAT_CONFIG_H  -Wl,-rpath -Wl,/foo conftest.c  >&5
configure:11426: $? = 0
configure:11663: result: GNU/Linux ld.so
configure:11785: checking how to hardcode library paths into programs
configure:11810: result: immediate
configure:12358: checking whether stripping libraries is possible
configure:12363: result: yes
configure:12398: checking if libtool supports shared libraries
configure:12400: result: yes
configure:12403: checking whether to build shared libraries
configure:12428: result: yes
configure:12431: checking whether to build static libraries
configure:12435: result: yes
configure:12477: checking for gcc option to accept ISO C99
configure:12626: gcc  -c -g -O2  -DHAVE_EXPAT_CONFIG_H conftest.c >&5
configure:12626: $? = 0
configure:12639: result: none needed
configure:12712: checking for g++
configure:12728: found /usr/bin/g++
configure:12739: result: g++
configure:12766: checking for C++ compiler version
configure:12775: g++ --version >&5
g++ (Ubuntu 5.4.0-6ubuntu1~16.04.5) 5.4.0 20160609
Copyright (C) 2015 Free Software Foundation, Inc.
This is free software; see the source for copying conditions.  There is NO
warranty; not even for MERCHANTABILITY or FITNESS FOR A PARTICULAR PURPOSE.

configure:12786: $? = 0
configure:12775: g++ -v >&5
Using built-in specs.
COLLECT_GCC=g++
COLLECT_LTO_WRAPPER=/usr/lib/gcc/x86_64-linux-gnu/5/lto-wrapper
Target: x86_64-linux-gnu
Configured with: ../src/configure -v --with-pkgversion='Ubuntu 5.4.0-6ubuntu1~16.04.5' --with-bugurl=file:///usr/share/doc/gcc-5/README.Bugs --enable-languages=c,ada,c++,java,go,d,fortran,objc,obj-c++ --prefix=/usr --program-suffix=-5 --enable-shared --enable-linker-build-id --libexecdir=/usr/lib --without-included-gettext --enable-threads=posix --libdir=/usr/lib --enable-nls --with-sysroot=/ --enable-clocale=gnu --enable-libstdcxx-debug --enable-libstdcxx-time=yes --with-default-libstdcxx-abi=new --enable-gnu-unique-object --disable-vtable-verify --enable-libmpx --enable-plugin --with-system-zlib --disable-browser-plugin --enable-java-awt=gtk --enable-gtk-cairo --with-java-home=/usr/lib/jvm/java-1.5.0-gcj-5-amd64/jre --enable-java-home --with-jvm-root-dir=/usr/lib/jvm/java-1.5.0-gcj-5-amd64 --with-jvm-jar-dir=/usr/lib/jvm-exports/java-1.5.0-gcj-5-amd64 --with-arch-directory=amd64 --with-ecj-jar=/usr/share/java/eclipse-ecj.jar --enable-objc-gc --enable-multiarch --disable-werror --with-arch-32=i686 --with-abi=m64 --with-multilib-list=m32,m64,mx32 --enable-multilib --with-tune=generic --enable-checking=release --build=x86_64-linux-gnu --host=x86_64-linux-gnu --target=x86_64-linux-gnu
Thread model: posix
gcc version 5.4.0 20160609 (Ubuntu 5.4.0-6ubuntu1~16.04.5) 
configure:12786: $? = 0
configure:12775: g++ -V >&5
g++: error: unrecognized command line option '-V'
g++: fatal error: no input files
compilation terminated.
configure:12786: $? = 1
configure:12775: g++ -qversion >&5
g++: error: unrecognized command line option '-qversion'
g++: fatal error: no input files
compilation terminated.
configure:12786: $? = 1
configure:12790: checking whether we are using the GNU C++ compiler
configure:12809: g++ -c   -DHAVE_EXPAT_CONFIG_H conftest.cpp >&5
configure:12809: $? = 0
configure:12818: result: yes
configure:12827: checking whether g++ accepts -g
configure:12847: g++ -c -g  -DHAVE_EXPAT_CONFIG_H conftest.cpp >&5
configure:12847: $? = 0
configure:12888: result: yes
configure:12913: checking dependency style of g++
configure:13024: result: gcc3
configure:13057: checking how to run the C++ preprocessor
configure:13084: g++ -E  -DHAVE_EXPAT_CONFIG_H conftest.cpp
configure:13084: $? = 0
configure:13098: g++ -E  -DHAVE_EXPAT_CONFIG_H conftest.cpp
conftest.cpp:23:28: fatal error: ac_nonexistent.h: No such file or directory
compilation terminated.
configure:13098: $? = 1
configure: failed program was:
| /* confdefs.h */
| #define PACKAGE_NAME "expat"
| #define PACKAGE_TARNAME "expat"
| #define PACKAGE_VERSION "2.2.4"
| #define PACKAGE_STRING "expat 2.2.4"
| #define PACKAGE_BUGREPORT "expat-bugs@libexpat.org"
| #define PACKAGE_URL ""
| #define PACKAGE "expat"
| #define VERSION "2.2.4"
| #define STDC_HEADERS 1
| #define HAVE_SYS_TYPES_H 1
| #define HAVE_SYS_STAT_H 1
| #define HAVE_STDLIB_H 1
| #define HAVE_STRING_H 1
| #define HAVE_MEMORY_H 1
| #define HAVE_STRINGS_H 1
| #define HAVE_INTTYPES_H 1
| #define HAVE_STDINT_H 1
| #define HAVE_UNISTD_H 1
| #define HAVE_DLFCN_H 1
| #define LT_OBJDIR ".libs/"
| /* end confdefs.h.  */
| #include <ac_nonexistent.h>
configure:13123: result: g++ -E
configure:13143: g++ -E  -DHAVE_EXPAT_CONFIG_H conftest.cpp
configure:13143: $? = 0
configure:13157: g++ -E  -DHAVE_EXPAT_CONFIG_H conftest.cpp
conftest.cpp:23:28: fatal error: ac_nonexistent.h: No such file or directory
compilation terminated.
configure:13157: $? = 1
configure: failed program was:
| /* confdefs.h */
| #define PACKAGE_NAME "expat"
| #define PACKAGE_TARNAME "expat"
| #define PACKAGE_VERSION "2.2.4"
| #define PACKAGE_STRING "expat 2.2.4"
| #define PACKAGE_BUGREPORT "expat-bugs@libexpat.org"
| #define PACKAGE_URL ""
| #define PACKAGE "expat"
| #define VERSION "2.2.4"
| #define STDC_HEADERS 1
| #define HAVE_SYS_TYPES_H 1
| #define HAVE_SYS_STAT_H 1
| #define HAVE_STDLIB_H 1
| #define HAVE_STRING_H 1
| #define HAVE_MEMORY_H 1
| #define HAVE_STRINGS_H 1
| #define HAVE_INTTYPES_H 1
| #define HAVE_STDINT_H 1
| #define HAVE_UNISTD_H 1
| #define HAVE_DLFCN_H 1
| #define LT_OBJDIR ".libs/"
| /* end confdefs.h.  */
| #include <ac_nonexistent.h>
configure:13319: checking for ld used by g++
configure:13386: result: /usr/bin/ld -m elf_x86_64
configure:13393: checking if the linker (/usr/bin/ld -m elf_x86_64) is GNU ld
configure:13408: result: yes
configure:13463: checking whether the g++ linker (/usr/bin/ld -m elf_x86_64) supports shared libraries
configure:14536: result: yes
configure:14572: g++ -c -g -O2  -DHAVE_EXPAT_CONFIG_H conftest.cpp >&5
configure:14575: $? = 0
configure:15056: checking for g++ option to produce PIC
configure:15063: result: -fPIC -DPIC
configure:15071: checking if g++ PIC flag -fPIC -DPIC works
configure:15089: g++ -c -g -O2  -DHAVE_EXPAT_CONFIG_H -fPIC -DPIC -DPIC conftest.cpp >&5
configure:15093: $? = 0
configure:15106: result: yes
configure:15129: checking if g++ static flag -static works
configure:15157: result: yes
configure:15169: checking if g++ supports -c -o file.o
configure:15190: g++ -c -g -O2  -DHAVE_EXPAT_CONFIG_H -o out/conftest2.o conftest.cpp >&5
configure:15194: $? = 0
configure:15216: result: yes
configure:15221: checking if g++ supports -c -o file.o
configure:15268: result: yes
configure:15298: checking whether the g++ linker (/usr/bin/ld -m elf_x86_64) supports shared libraries
configure:15338: result: yes
configure:15479: checking dynamic linker characteristics
configure:16237: result: GNU/Linux ld.so
configure:16302: checking how to hardcode library paths into programs
configure:16327: result: immediate
configure:16372: checking whether gcc accepts -fexceptions
configure:16385: gcc -o conftest -g -O2 -Wall -Wmissing-prototypes -Wstrict-prototypes -fexceptions  -DHAVE_EXPAT_CONFIG_H  conftest.c  >&5
conftest.c:25:1: warning: function declaration isn't a prototype [-Wstrict-prototypes]
 main ()
 ^
configure:16385: $? = 0
configure:16386: result: yes
configure:16403: checking for ANSI C header files
configure:16507: result: yes
configure:16517: checking whether byte ordering is bigendian
configure:16539: gcc -c -g -O2 -Wall -Wmissing-prototypes -Wstrict-prototypes -fexceptions -fno-strict-aliasing  -DHAVE_EXPAT_CONFIG_H conftest.c >&5
conftest.c:27:1: warning: function declaration isn't a prototype [-Wstrict-prototypes]
 main ()
 ^
configure:16539: $? = 0
configure:16556: gcc -c -g -O2 -Wall -Wmissing-prototypes -Wstrict-prototypes -fexceptions -fno-strict-aliasing  -DHAVE_EXPAT_CONFIG_H conftest.c >&5
conftest.c:27:1: warning: function declaration isn't a prototype [-Wstrict-prototypes]
 main ()
 ^
conftest.c: In function 'main':
conftest.c:31:2: error: unknown type name 'not'
  not big endian
  ^
conftest.c:31:10: error: expected '=', ',', ';', 'asm' or '__attribute__' before 'endian'
  not big endian
          ^
configure:16556: $? = 1
configure: failed program was:
| /* confdefs.h */
| #define PACKAGE_NAME "expat"
| #define PACKAGE_TARNAME "expat"
| #define PACKAGE_VERSION "2.2.4"
| #define PACKAGE_STRING "expat 2.2.4"
| #define PACKAGE_BUGREPORT "expat-bugs@libexpat.org"
| #define PACKAGE_URL ""
| #define PACKAGE "expat"
| #define VERSION "2.2.4"
| #define STDC_HEADERS 1
| #define HAVE_SYS_TYPES_H 1
| #define HAVE_SYS_STAT_H 1
| #define HAVE_STDLIB_H 1
| #define HAVE_STRING_H 1
| #define HAVE_MEMORY_H 1
| #define HAVE_STRINGS_H 1
| #define HAVE_INTTYPES_H 1
| #define HAVE_STDINT_H 1
| #define HAVE_UNISTD_H 1
| #define HAVE_DLFCN_H 1
| #define LT_OBJDIR ".libs/"
| #define STDC_HEADERS 1
| /* end confdefs.h.  */
| #include <sys/types.h>
| #include <sys/param.h>
| int
| main ()
| {
| 
| #if BYTE_ORDER != BIG_ENDIAN
|  not big endian
| #endif
|   ;
|   return 0;
| }
configure:16592: result: no
configure:16645: checking for an ANSI C-conforming const
configure:16711: gcc -c -g -O2 -Wall -Wmissing-prototypes -Wstrict-prototypes -fexceptions -fno-strict-aliasing  -DHAVE_EXPAT_CONFIG_H conftest.c >&5
conftest.c:27:1: warning: function declaration isn't a prototype [-Wstrict-prototypes]
 main ()
 ^
configure:16711: $? = 0
configure:16718: result: yes
configure:16726: checking for size_t
configure:16726: gcc -c -g -O2 -Wall -Wmissing-prototypes -Wstrict-prototypes -fexceptions -fno-strict-aliasing  -DHAVE_EXPAT_CONFIG_H conftest.c >&5
conftest.c:59:1: warning: function declaration isn't a prototype [-Wstrict-prototypes]
 main ()
 ^
configure:16726: $? = 0
configure:16726: gcc -c -g -O2 -Wall -Wmissing-prototypes -Wstrict-prototypes -fexceptions -fno-strict-aliasing  -DHAVE_EXPAT_CONFIG_H conftest.c >&5
conftest.c:59:1: warning: function declaration isn't a prototype [-Wstrict-prototypes]
 main ()
 ^
conftest.c: In function 'main':
conftest.c:61:21: error: expected expression before ')' token
 if (sizeof ((size_t)))
                     ^
configure:16726: $? = 1
configure: failed program was:
| /* confdefs.h */
| #define PACKAGE_NAME "expat"
| #define PACKAGE_TARNAME "expat"
| #define PACKAGE_VERSION "2.2.4"
| #define PACKAGE_STRING "expat 2.2.4"
| #define PACKAGE_BUGREPORT "expat-bugs@libexpat.org"
| #define PACKAGE_URL ""
| #define PACKAGE "expat"
| #define VERSION "2.2.4"
| #define STDC_HEADERS 1
| #define HAVE_SYS_TYPES_H 1
| #define HAVE_SYS_STAT_H 1
| #define HAVE_STDLIB_H 1
| #define HAVE_STRING_H 1
| #define HAVE_MEMORY_H 1
| #define HAVE_STRINGS_H 1
| #define HAVE_INTTYPES_H 1
| #define HAVE_STDINT_H 1
| #define HAVE_UNISTD_H 1
| #define HAVE_DLFCN_H 1
| #define LT_OBJDIR ".libs/"
| #define STDC_HEADERS 1
| #define BYTEORDER 1234
| /* end confdefs.h.  */
| #include <stdio.h>
| #ifdef HAVE_SYS_TYPES_H
| # include <sys/types.h>
| #endif
| #ifdef HAVE_SYS_STAT_H
| # include <sys/stat.h>
| #endif
| #ifdef STDC_HEADERS
| # include <stdlib.h>
| # include <stddef.h>
| #else
| # ifdef HAVE_STDLIB_H
| #  include <stdlib.h>
| # endif
| #endif
| #ifdef HAVE_STRING_H
| # if !defined STDC_HEADERS && defined HAVE_MEMORY_H
| #  include <memory.h>
| # endif
| # include <string.h>
| #endif
| #ifdef HAVE_STRINGS_H
| # include <strings.h>
| #endif
| #ifdef HAVE_INTTYPES_H
| # include <inttypes.h>
| #endif
| #ifdef HAVE_STDINT_H
| # include <stdint.h>
| #endif
| #ifdef HAVE_UNISTD_H
| # include <unistd.h>
| #endif
| int
| main ()
| {
| if (sizeof ((size_t)))
| 	    return 0;
|   ;
|   return 0;
| }
configure:16726: result: yes
configure:16740: checking for memmove
configure:16740: gcc -o conftest -g -O2 -Wall -Wmissing-prototypes -Wstrict-prototypes -fexceptions -fno-strict-aliasing  -DHAVE_EXPAT_CONFIG_H  -fno-strict-aliasing conftest.c  >&5
conftest.c:48:1: warning: function declaration isn't a prototype [-Wstrict-prototypes]
 char memmove ();
 ^
conftest.c:48:6: warning: conflicting types for built-in function 'memmove'
 char memmove ();
      ^
conftest.c:57:1: warning: function declaration isn't a prototype [-Wstrict-prototypes]
 main ()
 ^
configure:16740: $? = 0
configure:16740: result: yes
configure:16740: checking for bcopy
configure:16740: gcc -o conftest -g -O2 -Wall -Wmissing-prototypes -Wstrict-prototypes -fexceptions -fno-strict-aliasing  -DHAVE_EXPAT_CONFIG_H  -fno-strict-aliasing conftest.c  >&5
conftest.c:49:1: warning: function declaration isn't a prototype [-Wstrict-prototypes]
 char bcopy ();
 ^
conftest.c:49:6: warning: conflicting types for built-in function 'bcopy'
 char bcopy ();
      ^
conftest.c:58:1: warning: function declaration isn't a prototype [-Wstrict-prototypes]
 main ()
 ^
configure:16740: $? = 0
configure:16740: result: yes
configure:16834: checking for arc4random_buf (BSD or libbsd)
configure:16849: gcc -o conftest -g -O2 -Wall -Wmissing-prototypes -Wstrict-prototypes -fexceptions -fno-strict-aliasing  -DHAVE_EXPAT_CONFIG_H  -fno-strict-aliasing conftest.c  >&5
conftest.c:32:7: warning: function declaration isn't a prototype [-Wstrict-prototypes]
   int main() {
       ^
conftest.c: In function 'main':
conftest.c:33:5: warning: implicit declaration of function 'arc4random_buf' [-Wimplicit-function-declaration]
     arc4random_buf(NULL, 0U);
     ^
/tmp/cckoCDUT.o: In function `main':
/home/lmark/src/px4-firmware/src/lib/expat-2.2.4/conftest.c:33: undefined reference to `arc4random_buf'
collect2: error: ld returned 1 exit status
configure:16849: $? = 1
configure: failed program was:
| /* confdefs.h */
| #define PACKAGE_NAME "expat"
| #define PACKAGE_TARNAME "expat"
| #define PACKAGE_VERSION "2.2.4"
| #define PACKAGE_STRING "expat 2.2.4"
| #define PACKAGE_BUGREPORT "expat-bugs@libexpat.org"
| #define PACKAGE_URL ""
| #define PACKAGE "expat"
| #define VERSION "2.2.4"
| #define STDC_HEADERS 1
| #define HAVE_SYS_TYPES_H 1
| #define HAVE_SYS_STAT_H 1
| #define HAVE_STDLIB_H 1
| #define HAVE_STRING_H 1
| #define HAVE_MEMORY_H 1
| #define HAVE_STRINGS_H 1
| #define HAVE_INTTYPES_H 1
| #define HAVE_STDINT_H 1
| #define HAVE_UNISTD_H 1
| #define HAVE_DLFCN_H 1
| #define LT_OBJDIR ".libs/"
| #define STDC_HEADERS 1
| #define BYTEORDER 1234
| #define HAVE_MEMMOVE 1
| #define HAVE_BCOPY 1
| /* end confdefs.h.  */
| 
|   #include <stdlib.h>  /* for arc4random_buf on BSD, for NULL */
|   #if defined(HAVE_LIBBSD)
|   # include <bsd/stdlib.h>
|   #endif
|   int main() {
|     arc4random_buf(NULL, 0U);
|     return 0;
|   }
| 
configure:16859: result: no
configure:16862: checking for arc4random (BSD, macOS or libbsd)
configure:16878: gcc -o conftest -g -O2 -Wall -Wmissing-prototypes -Wstrict-prototypes -fexceptions -fno-strict-aliasing  -DHAVE_EXPAT_CONFIG_H  -fno-strict-aliasing conftest.c  >&5
conftest.c:33:11: warning: function declaration isn't a prototype [-Wstrict-prototypes]
       int main() {
           ^
conftest.c: In function 'main':
conftest.c:34:11: warning: implicit declaration of function 'arc4random' [-Wimplicit-function-declaration]
           arc4random();
           ^
/tmp/ccagMSMY.o: In function `main':
/home/lmark/src/px4-firmware/src/lib/expat-2.2.4/conftest.c:34: undefined reference to `arc4random'
collect2: error: ld returned 1 exit status
configure:16878: $? = 1
configure: failed program was:
| /* confdefs.h */
| #define PACKAGE_NAME "expat"
| #define PACKAGE_TARNAME "expat"
| #define PACKAGE_VERSION "2.2.4"
| #define PACKAGE_STRING "expat 2.2.4"
| #define PACKAGE_BUGREPORT "expat-bugs@libexpat.org"
| #define PACKAGE_URL ""
| #define PACKAGE "expat"
| #define VERSION "2.2.4"
| #define STDC_HEADERS 1
| #define HAVE_SYS_TYPES_H 1
| #define HAVE_SYS_STAT_H 1
| #define HAVE_STDLIB_H 1
| #define HAVE_STRING_H 1
| #define HAVE_MEMORY_H 1
| #define HAVE_STRINGS_H 1
| #define HAVE_INTTYPES_H 1
| #define HAVE_STDINT_H 1
| #define HAVE_UNISTD_H 1
| #define HAVE_DLFCN_H 1
| #define LT_OBJDIR ".libs/"
| #define STDC_HEADERS 1
| #define BYTEORDER 1234
| #define HAVE_MEMMOVE 1
| #define HAVE_BCOPY 1
| /* end confdefs.h.  */
| 
|       #if defined(HAVE_LIBBSD)
|       # include <bsd/stdlib.h>
|       #else
|       # include <stdlib.h>
|       #endif
|       int main() {
|           arc4random();
|           return 0;
|       }
| 
configure:16888: result: no
configure:16900: checking for getrandom (Linux 3.17+, glibc 2.25+)
configure:16912: gcc -o conftest -g -O2 -Wall -Wmissing-prototypes -Wstrict-prototypes -fexceptions -fno-strict-aliasing  -DHAVE_EXPAT_CONFIG_H  -fno-strict-aliasing conftest.c  >&5
conftest.c:29:26: fatal error: sys/random.h: No such file or directory
compilation terminated.
configure:16912: $? = 1
configure: failed program was:
| /* confdefs.h */
| #define PACKAGE_NAME "expat"
| #define PACKAGE_TARNAME "expat"
| #define PACKAGE_VERSION "2.2.4"
| #define PACKAGE_STRING "expat 2.2.4"
| #define PACKAGE_BUGREPORT "expat-bugs@libexpat.org"
| #define PACKAGE_URL ""
| #define PACKAGE "expat"
| #define VERSION "2.2.4"
| #define STDC_HEADERS 1
| #define HAVE_SYS_TYPES_H 1
| #define HAVE_SYS_STAT_H 1
| #define HAVE_STDLIB_H 1
| #define HAVE_STRING_H 1
| #define HAVE_MEMORY_H 1
| #define HAVE_STRINGS_H 1
| #define HAVE_INTTYPES_H 1
| #define HAVE_STDINT_H 1
| #define HAVE_UNISTD_H 1
| #define HAVE_DLFCN_H 1
| #define LT_OBJDIR ".libs/"
| #define STDC_HEADERS 1
| #define BYTEORDER 1234
| #define HAVE_MEMMOVE 1
| #define HAVE_BCOPY 1
| /* end confdefs.h.  */
| 
|   #include <stdlib.h>  /* for NULL */
|   #include <sys/random.h>
|   int main() {
|     return getrandom(NULL, 0U, 0U);
|   }
| 
configure:16922: result: no
configure:16925: checking for syscall SYS_getrandom (Linux 3.17+)
configure:16939: gcc -o conftest -g -O2 -Wall -Wmissing-prototypes -Wstrict-prototypes -fexceptions -fno-strict-aliasing  -DHAVE_EXPAT_CONFIG_H  -fno-strict-aliasing conftest.c  >&5
conftest.c:31:11: warning: function declaration isn't a prototype [-Wstrict-prototypes]
       int main() {
           ^
configure:16939: $? = 0
configure:16944: result: yes
configure:16964: checking fcntl.h usability
configure:16964: gcc -c -g -O2 -Wall -Wmissing-prototypes -Wstrict-prototypes -fexceptions -fno-strict-aliasing  -DHAVE_EXPAT_CONFIG_H conftest.c >&5
configure:16964: $? = 0
configure:16964: result: yes
configure:16964: checking fcntl.h presence
configure:16964: gcc -E  -DHAVE_EXPAT_CONFIG_H conftest.c
configure:16964: $? = 0
configure:16964: result: yes
configure:16964: checking for fcntl.h
configure:16964: result: yes
configure:16964: checking for unistd.h
configure:16964: result: yes
configure:16974: checking for off_t
configure:16974: gcc -c -g -O2 -Wall -Wmissing-prototypes -Wstrict-prototypes -fexceptions -fno-strict-aliasing  -DHAVE_EXPAT_CONFIG_H conftest.c >&5
conftest.c:64:1: warning: function declaration isn't a prototype [-Wstrict-prototypes]
 main ()
 ^
configure:16974: $? = 0
configure:16974: gcc -c -g -O2 -Wall -Wmissing-prototypes -Wstrict-prototypes -fexceptions -fno-strict-aliasing  -DHAVE_EXPAT_CONFIG_H conftest.c >&5
conftest.c:64:1: warning: function declaration isn't a prototype [-Wstrict-prototypes]
 main ()
 ^
conftest.c: In function 'main':
conftest.c:66:20: error: expected expression before ')' token
 if (sizeof ((off_t)))
                    ^
configure:16974: $? = 1
configure: failed program was:
| /* confdefs.h */
| #define PACKAGE_NAME "expat"
| #define PACKAGE_TARNAME "expat"
| #define PACKAGE_VERSION "2.2.4"
| #define PACKAGE_STRING "expat 2.2.4"
| #define PACKAGE_BUGREPORT "expat-bugs@libexpat.org"
| #define PACKAGE_URL ""
| #define PACKAGE "expat"
| #define VERSION "2.2.4"
| #define STDC_HEADERS 1
| #define HAVE_SYS_TYPES_H 1
| #define HAVE_SYS_STAT_H 1
| #define HAVE_STDLIB_H 1
| #define HAVE_STRING_H 1
| #define HAVE_MEMORY_H 1
| #define HAVE_STRINGS_H 1
| #define HAVE_INTTYPES_H 1
| #define HAVE_STDINT_H 1
| #define HAVE_UNISTD_H 1
| #define HAVE_DLFCN_H 1
| #define LT_OBJDIR ".libs/"
| #define STDC_HEADERS 1
| #define BYTEORDER 1234
| #define HAVE_MEMMOVE 1
| #define HAVE_BCOPY 1
| #define HAVE_SYSCALL_GETRANDOM 1
| #define HAVE_FCNTL_H 1
| #define HAVE_UNISTD_H 1
| /* end confdefs.h.  */
| #include <stdio.h>
| #ifdef HAVE_SYS_TYPES_H
| # include <sys/types.h>
| #endif
| #ifdef HAVE_SYS_STAT_H
| # include <sys/stat.h>
| #endif
| #ifdef STDC_HEADERS
| # include <stdlib.h>
| # include <stddef.h>
| #else
| # ifdef HAVE_STDLIB_H
| #  include <stdlib.h>
| # endif
| #endif
| #ifdef HAVE_STRING_H
| # if !defined STDC_HEADERS && defined HAVE_MEMORY_H
| #  include <memory.h>
| # endif
| # include <string.h>
| #endif
| #ifdef HAVE_STRINGS_H
| # include <strings.h>
| #endif
| #ifdef HAVE_INTTYPES_H
| # include <inttypes.h>
| #endif
| #ifdef HAVE_STDINT_H
| # include <stdint.h>
| #endif
| #ifdef HAVE_UNISTD_H
| # include <unistd.h>
| #endif
| int
| main ()
| {
| if (sizeof ((off_t)))
| 	    return 0;
|   ;
|   return 0;
| }
configure:16974: result: yes
configure:16991: checking for stdlib.h
configure:16991: result: yes
configure:16991: checking for unistd.h
configure:16991: result: yes
configure:16991: checking for sys/param.h
configure:16991: gcc -c -g -O2 -Wall -Wmissing-prototypes -Wstrict-prototypes -fexceptions -fno-strict-aliasing  -DHAVE_EXPAT_CONFIG_H conftest.c >&5
configure:16991: $? = 0
configure:16991: result: yes
configure:17011: checking for getpagesize
configure:17011: gcc -o conftest -g -O2 -Wall -Wmissing-prototypes -Wstrict-prototypes -fexceptions -fno-strict-aliasing  -DHAVE_EXPAT_CONFIG_H  -fno-strict-aliasing conftest.c  >&5
conftest.c:56:1: warning: function declaration isn't a prototype [-Wstrict-prototypes]
 char getpagesize ();
 ^
conftest.c:65:1: warning: function declaration isn't a prototype [-Wstrict-prototypes]
 main ()
 ^
configure:17011: $? = 0
configure:17011: result: yes
configure:17020: checking for working mmap
configure:17167: gcc -o conftest -g -O2 -Wall -Wmissing-prototypes -Wstrict-prototypes -fexceptions -fno-strict-aliasing  -DHAVE_EXPAT_CONFIG_H  -fno-strict-aliasing conftest.c  >&5
conftest.c:132:1: warning: function declaration isn't a prototype [-Wstrict-prototypes]
 main ()
 ^
configure:17167: $? = 0
configure:17167: ./conftest
configure:17167: $? = 0
configure:17177: result: yes
configure:17341: checking that generated files are newer than configure
configure:17347: result: done
configure:17378: creating ./config.status

## ---------------------- ##
## Running config.status. ##
## ---------------------- ##

This file was extended by expat config.status 2.2.4, which was
generated by GNU Autoconf 2.69.  Invocation command line was

  CONFIG_FILES    = 
  CONFIG_HEADERS  = 
  CONFIG_LINKS    = 
  CONFIG_COMMANDS = 
  $ ./config.status 

on lmarkPC

config.status:1178: creating Makefile
config.status:1178: creating expat.pc
config.status:1178: creating doc/Makefile
config.status:1178: creating examples/Makefile
config.status:1178: creating lib/Makefile
config.status:1178: creating tests/Makefile
config.status:1178: creating tests/benchmark/Makefile
config.status:1178: creating xmlwf/Makefile
config.status:1178: creating run.sh
config.status:1178: creating expat_config.h
config.status:1359: expat_config.h is unchanged
config.status:1407: executing depfiles commands
config.status:1407: executing libtool commands

## ---------------- ##
## Cache variables. ##
## ---------------- ##

ac_cv_build=x86_64-pc-linux-gnu
ac_cv_c_bigendian=no
ac_cv_c_compiler_gnu=yes
ac_cv_c_const=yes
ac_cv_cxx_compiler_gnu=yes
ac_cv_env_CCC_set=
ac_cv_env_CCC_value=
ac_cv_env_CC_set=
ac_cv_env_CC_value=
ac_cv_env_CFLAGS_set=
ac_cv_env_CFLAGS_value=
ac_cv_env_CPPFLAGS_set=
ac_cv_env_CPPFLAGS_value=
ac_cv_env_CPP_set=
ac_cv_env_CPP_value=
ac_cv_env_CXXCPP_set=
ac_cv_env_CXXCPP_value=
ac_cv_env_CXXFLAGS_set=
ac_cv_env_CXXFLAGS_value=
ac_cv_env_CXX_set=
ac_cv_env_CXX_value=
ac_cv_env_LDFLAGS_set=
ac_cv_env_LDFLAGS_value=
ac_cv_env_LIBS_set=
ac_cv_env_LIBS_value=
ac_cv_env_LT_SYS_LIBRARY_PATH_set=
ac_cv_env_LT_SYS_LIBRARY_PATH_value=
ac_cv_env_build_alias_set=
ac_cv_env_build_alias_value=
ac_cv_env_host_alias_set=
ac_cv_env_host_alias_value=
ac_cv_env_target_alias_set=
ac_cv_env_target_alias_value=
ac_cv_func_bcopy=yes
ac_cv_func_getpagesize=yes
ac_cv_func_memmove=yes
ac_cv_func_mmap_fixed_mapped=yes
ac_cv_header_dlfcn_h=yes
ac_cv_header_fcntl_h=yes
ac_cv_header_inttypes_h=yes
ac_cv_header_memory_h=yes
ac_cv_header_stdc=yes
ac_cv_header_stdint_h=yes
ac_cv_header_stdlib_h=yes
ac_cv_header_string_h=yes
ac_cv_header_strings_h=yes
ac_cv_header_sys_param_h=yes
ac_cv_header_sys_stat_h=yes
ac_cv_header_sys_types_h=yes
ac_cv_header_unistd_h=yes
ac_cv_host=x86_64-pc-linux-gnu
ac_cv_objext=o
ac_cv_path_EGREP='/bin/grep -E'
ac_cv_path_FGREP='/bin/grep -F'
ac_cv_path_GREP=/bin/grep
ac_cv_path_SED=/bin/sed
ac_cv_path_install='/usr/bin/install -c'
ac_cv_path_lt_DD=/bin/dd
ac_cv_path_mkdir=/bin/mkdir
ac_cv_prog_AWK=mawk
ac_cv_prog_CPP='gcc -E'
ac_cv_prog_CXXCPP='g++ -E'
ac_cv_prog_ac_ct_AR=ar
ac_cv_prog_ac_ct_CC=gcc
ac_cv_prog_ac_ct_CXX=g++
ac_cv_prog_ac_ct_DLLTOOL=dlltool
ac_cv_prog_ac_ct_MANIFEST_TOOL=mt
ac_cv_prog_ac_ct_OBJDUMP=objdump
ac_cv_prog_ac_ct_RANLIB=ranlib
ac_cv_prog_ac_ct_STRIP=strip
ac_cv_prog_cc_c89=
ac_cv_prog_cc_c99=
ac_cv_prog_cc_g=yes
ac_cv_prog_cxx_g=yes
ac_cv_prog_make_make_set=yes
ac_cv_type_off_t=yes
ac_cv_type_size_t=yes
am_cv_CC_dependencies_compiler_type=gcc3
am_cv_CXX_dependencies_compiler_type=gcc3
am_cv_make_support_nested_variables=yes
am_cv_prog_cc_c_o=yes
lt_cv_ar_at_file=@
lt_cv_archive_cmds_need_lc=no
lt_cv_deplibs_check_method=pass_all
lt_cv_file_magic_cmd='$MAGIC_CMD'
lt_cv_file_magic_test_file=
lt_cv_ld_reload_flag=-r
lt_cv_nm_interface='BSD nm'
lt_cv_objdir=.libs
lt_cv_path_LD=/usr/bin/ld
lt_cv_path_LDCXX='/usr/bin/ld -m elf_x86_64'
lt_cv_path_NM='/usr/bin/nm -B'
lt_cv_path_mainfest_tool=no
lt_cv_prog_compiler_c_o=yes
lt_cv_prog_compiler_c_o_CXX=yes
lt_cv_prog_compiler_pic='-fPIC -DPIC'
lt_cv_prog_compiler_pic_CXX='-fPIC -DPIC'
lt_cv_prog_compiler_pic_works=yes
lt_cv_prog_compiler_pic_works_CXX=yes
lt_cv_prog_compiler_rtti_exceptions=no
lt_cv_prog_compiler_static_works=yes
lt_cv_prog_compiler_static_works_CXX=yes
lt_cv_prog_gnu_ld=yes
lt_cv_prog_gnu_ldcxx=yes
lt_cv_sharedlib_from_linklib_cmd='printf %s\n'
lt_cv_shlibpath_overrides_runpath=no
lt_cv_sys_global_symbol_pipe='sed -n -e '\''s/^.*[	 ]\([ABCDGIRSTW][ABCDGIRSTW]*\)[	 ][	 ]*\([_A-Za-z][_A-Za-z0-9]*\)$/\1 \2 \2/p'\'' | sed '\''/ __gnu_lto/d'\'''
lt_cv_sys_global_symbol_to_c_name_address='sed -n -e '\''s/^: \(.*\) .*$/  {"\1", (void *) 0},/p'\'' -e '\''s/^[ABCDGIRSTW][ABCDGIRSTW]* .* \(.*\)$/  {"\1", (void *) \&\1},/p'\'''
lt_cv_sys_global_symbol_to_c_name_address_lib_prefix='sed -n -e '\''s/^: \(.*\) .*$/  {"\1", (void *) 0},/p'\'' -e '\''s/^[ABCDGIRSTW][ABCDGIRSTW]* .* \(lib.*\)$/  {"\1", (void *) \&\1},/p'\'' -e '\''s/^[ABCDGIRSTW][ABCDGIRSTW]* .* \(.*\)$/  {"lib\1", (void *) \&\1},/p'\'''
lt_cv_sys_global_symbol_to_cdecl='sed -n -e '\''s/^T .* \(.*\)$/extern int \1();/p'\'' -e '\''s/^[ABCDGIRSTW][ABCDGIRSTW]* .* \(.*\)$/extern char \1;/p'\'''
lt_cv_sys_global_symbol_to_import=
lt_cv_sys_max_cmd_len=1572864
lt_cv_to_host_file_cmd=func_convert_file_noop
lt_cv_to_tool_file_cmd=func_convert_file_noop
lt_cv_truncate_bin='/bin/dd bs=4096 count=1'

## ----------------- ##
## Output variables. ##
## ----------------- ##

ACLOCAL='${SHELL} /home/lmark/src/px4-firmware/src/lib/expat-2.2.4/conftools/missing aclocal-1.15'
AMDEPBACKSLASH='\'
AMDEP_FALSE='#'
AMDEP_TRUE=''
AMTAR='$${TAR-tar}'
AM_BACKSLASH='\'
AM_DEFAULT_V='$(AM_DEFAULT_VERBOSITY)'
AM_DEFAULT_VERBOSITY='1'
AM_V='$(V)'
AR='ar'
AS='as'
AUTOCONF='${SHELL} /home/lmark/src/px4-firmware/src/lib/expat-2.2.4/conftools/missing autoconf'
AUTOHEADER='${SHELL} /home/lmark/src/px4-firmware/src/lib/expat-2.2.4/conftools/missing autoheader'
AUTOMAKE='${SHELL} /home/lmark/src/px4-firmware/src/lib/expat-2.2.4/conftools/missing automake-1.15'
AWK='mawk'
CC='gcc'
CCDEPMODE='depmode=gcc3'
CFLAGS='-g -O2 -Wall -Wmissing-prototypes -Wstrict-prototypes -fexceptions -fno-strict-aliasing'
CPP='gcc -E'
CPPFLAGS=' -DHAVE_EXPAT_CONFIG_H'
CXX='g++'
CXXCPP='g++ -E'
CXXDEPMODE='depmode=gcc3'
CXXFLAGS='-g -O2 -fno-strict-aliasing'
CYGPATH_W='echo'
DEFS='-DHAVE_CONFIG_H'
DEPDIR='.deps'
DLLTOOL='dlltool'
DSYMUTIL=''
DUMPBIN=''
ECHO_C=''
ECHO_N='-n'
ECHO_T=''
EGREP='/bin/grep -E'
EXEEXT=''
FGREP='/bin/grep -F'
FILEMAP='unixfilemap'
GREP='/bin/grep'
INSTALL_DATA='${INSTALL} -m 644'
INSTALL_PROGRAM='${INSTALL}'
INSTALL_SCRIPT='${INSTALL}'
INSTALL_STRIP_PROGRAM='$(install_sh) -c -s'
LD='/usr/bin/ld -m elf_x86_64'
LDFLAGS=' -fno-strict-aliasing'
LIBAGE='6'
LIBCURRENT='7'
LIBOBJS=''
LIBREVISION='6'
LIBS=''
LIBTOOL='$(SHELL) $(top_builddir)/libtool'
LIPO=''
LN_S='ln -s'
LTLIBOBJS=''
LT_SYS_LIBRARY_PATH=''
MAKEINFO='${SHELL} /home/lmark/src/px4-firmware/src/lib/expat-2.2.4/conftools/missing makeinfo'
MANIFEST_TOOL=':'
MKDIR_P='/bin/mkdir -p'
NM='/usr/bin/nm -B'
NMEDIT=''
OBJDUMP='objdump'
OBJEXT='o'
OTOOL64=''
OTOOL=''
PACKAGE='expat'
PACKAGE_BUGREPORT='expat-bugs@libexpat.org'
PACKAGE_NAME='expat'
PACKAGE_STRING='expat 2.2.4'
PACKAGE_TARNAME='expat'
PACKAGE_URL=''
PACKAGE_VERSION='2.2.4'
PATH_SEPARATOR=':'
RANLIB='ranlib'
SED='/bin/sed'
SET_MAKE=''
SHELL='/bin/bash'
STRIP='strip'
VERSION='2.2.4'
WITH_XMLWF_FALSE='#'
WITH_XMLWF_TRUE=''
ac_ct_AR='ar'
ac_ct_CC='gcc'
ac_ct_CXX='g++'
ac_ct_DUMPBIN=''
am__EXEEXT_FALSE=''
am__EXEEXT_TRUE='#'
am__fastdepCC_FALSE='#'
am__fastdepCC_TRUE=''
am__fastdepCXX_FALSE='#'
am__fastdepCXX_TRUE=''
am__include='include'
am__isrc=''
am__leading_dot='.'
am__nodep='_no'
am__quote=''
am__tar='$${TAR-tar} chof - "$$tardir"'
am__untar='$${TAR-tar} xf -'
bindir='${exec_prefix}/bin'
build='x86_64-pc-linux-gnu'
build_alias=''
build_cpu='x86_64'
build_os='linux-gnu'
build_vendor='pc'
datadir='${datarootdir}'
datarootdir='${prefix}/share'
docdir='${datarootdir}/doc/${PACKAGE_TARNAME}'
dvidir='${docdir}'
exec_prefix='${prefix}'
host='x86_64-pc-linux-gnu'
host_alias=''
host_cpu='x86_64'
host_os='linux-gnu'
host_vendor='pc'
htmldir='${docdir}'
includedir='${prefix}/include'
infodir='${datarootdir}/info'
install_sh='${SHELL} /home/lmark/src/px4-firmware/src/lib/expat-2.2.4/conftools/install-sh'
libdir='${exec_prefix}/lib'
libexecdir='${exec_prefix}/libexec'
localedir='${datarootdir}/locale'
localstatedir='${prefix}/var'
mandir='${datarootdir}/man'
mkdir_p='$(MKDIR_P)'
oldincludedir='/usr/include'
pdfdir='${docdir}'
prefix='/home/lmark/src/px4-firmware/src/lib/expat-2.2.4'
program_transform_name='s,x,x,'
psdir='${docdir}'
sbindir='${exec_prefix}/sbin'
sharedstatedir='${prefix}/com'
sysconfdir='${prefix}/etc'
target_alias=''

## ----------- ##
## confdefs.h. ##
## ----------- ##

/* confdefs.h */
#define PACKAGE_NAME "expat"
#define PACKAGE_TARNAME "expat"
#define PACKAGE_VERSION "2.2.4"
#define PACKAGE_STRING "expat 2.2.4"
#define PACKAGE_BUGREPORT "expat-bugs@libexpat.org"
#define PACKAGE_URL ""
#define PACKAGE "expat"
#define VERSION "2.2.4"
#define STDC_HEADERS 1
#define HAVE_SYS_TYPES_H 1
#define HAVE_SYS_STAT_H 1
#define HAVE_STDLIB_H 1
#define HAVE_STRING_H 1
#define HAVE_MEMORY_H 1
#define HAVE_STRINGS_H 1
#define HAVE_INTTYPES_H 1
#define HAVE_STDINT_H 1
#define HAVE_UNISTD_H 1
#define HAVE_DLFCN_H 1
#define LT_OBJDIR ".libs/"
#define STDC_HEADERS 1
#define BYTEORDER 1234
#define HAVE_MEMMOVE 1
#define HAVE_BCOPY 1
#define HAVE_SYSCALL_GETRANDOM 1
#define HAVE_FCNTL_H 1
#define HAVE_UNISTD_H 1
#define HAVE_STDLIB_H 1
#define HAVE_UNISTD_H 1
#define HAVE_SYS_PARAM_H 1
#define HAVE_GETPAGESIZE 1
#define HAVE_MMAP 1
#define XML_NS 1
#define XML_DTD 1
#define XML_DEV_URANDOM 1
#define XML_CONTEXT_BYTES 1024

configure: exit 0
